This is pdfTeX, Version 3.1415926-2.5-1.40.14 (TeX Live 2013/Debian) (format=pdflatex 2016.8.16)  25 MAY 2017 18:32
entering extended mode
 restricted \write18 enabled.
 %&-line parsing enabled.
**DICD.tex
(./DICD.tex
LaTeX2e <2011/06/27>
Babel <3.9h> and hyphenation patterns for 2 languages loaded.
(/usr/share/texlive/texmf-dist/tex/latex/base/report.cls
Document Class: report 2007/10/19 v1.4h Standard LaTeX document class
(/usr/share/texlive/texmf-dist/tex/latex/base/size10.clo
File: size10.clo 2007/10/19 v1.4h Standard LaTeX file (size option)
)
\c@part=\count79
\c@chapter=\count80
\c@section=\count81
\c@subsection=\count82
\c@subsubsection=\count83
\c@paragraph=\count84
\c@subparagraph=\count85
\c@figure=\count86
\c@table=\count87
\abovecaptionskip=\skip41
\belowcaptionskip=\skip42
\bibindent=\dimen102
)
(/usr/share/texlive/texmf-dist/tex/latex/graphics/graphicx.sty
Package: graphicx 1999/02/16 v1.0f Enhanced LaTeX Graphics (DPC,SPQR)

(/usr/share/texlive/texmf-dist/tex/latex/graphics/keyval.sty
Package: keyval 1999/03/16 v1.13 key=value parser (DPC)
\KV@toks@=\toks14
)
(/usr/share/texlive/texmf-dist/tex/latex/graphics/graphics.sty
Package: graphics 2009/02/05 v1.0o Standard LaTeX Graphics (DPC,SPQR)

(/usr/share/texlive/texmf-dist/tex/latex/graphics/trig.sty
Package: trig 1999/03/16 v1.09 sin cos tan (DPC)
)
(/usr/share/texlive/texmf-dist/tex/latex/latexconfig/graphics.cfg
File: graphics.cfg 2010/04/23 v1.9 graphics configuration of TeX Live
)
Package graphics Info: Driver file: pdftex.def on input line 91.

(/usr/share/texlive/texmf-dist/tex/latex/pdftex-def/pdftex.def
File: pdftex.def 2011/05/27 v0.06d Graphics/color for pdfTeX

(/usr/share/texlive/texmf-dist/tex/generic/oberdiek/infwarerr.sty
Package: infwarerr 2010/04/08 v1.3 Providing info/warning/error messages (HO)
)
(/usr/share/texlive/texmf-dist/tex/generic/oberdiek/ltxcmds.sty
Package: ltxcmds 2011/11/09 v1.22 LaTeX kernel commands for general use (HO)
)
\Gread@gobject=\count88
))
\Gin@req@height=\dimen103
\Gin@req@width=\dimen104
)
(/usr/share/texlive/texmf-dist/tex/latex/base/inputenc.sty
Package: inputenc 2008/03/30 v1.1d Input encoding file
\inpenc@prehook=\toks15
\inpenc@posthook=\toks16

(/usr/share/texlive/texmf-dist/tex/latex/base/utf8.def
File: utf8.def 2008/04/05 v1.1m UTF-8 support for inputenc
Now handling font encoding OML ...
... no UTF-8 mapping file for font encoding OML
Now handling font encoding T1 ...
... processing UTF-8 mapping file for font encoding T1

(/usr/share/texlive/texmf-dist/tex/latex/base/t1enc.dfu
File: t1enc.dfu 2008/04/05 v1.1m UTF-8 support for inputenc
   defining Unicode char U+00A1 (decimal 161)
   defining Unicode char U+00A3 (decimal 163)
   defining Unicode char U+00AB (decimal 171)
   defining Unicode char U+00BB (decimal 187)
   defining Unicode char U+00BF (decimal 191)
   defining Unicode char U+00C0 (decimal 192)
   defining Unicode char U+00C1 (decimal 193)
   defining Unicode char U+00C2 (decimal 194)
   defining Unicode char U+00C3 (decimal 195)
   defining Unicode char U+00C4 (decimal 196)
   defining Unicode char U+00C5 (decimal 197)
   defining Unicode char U+00C6 (decimal 198)
   defining Unicode char U+00C7 (decimal 199)
   defining Unicode char U+00C8 (decimal 200)
   defining Unicode char U+00C9 (decimal 201)
   defining Unicode char U+00CA (decimal 202)
   defining Unicode char U+00CB (decimal 203)
   defining Unicode char U+00CC (decimal 204)
   defining Unicode char U+00CD (decimal 205)
   defining Unicode char U+00CE (decimal 206)
   defining Unicode char U+00CF (decimal 207)
   defining Unicode char U+00D0 (decimal 208)
   defining Unicode char U+00D1 (decimal 209)
   defining Unicode char U+00D2 (decimal 210)
   defining Unicode char U+00D3 (decimal 211)
   defining Unicode char U+00D4 (decimal 212)
   defining Unicode char U+00D5 (decimal 213)
   defining Unicode char U+00D6 (decimal 214)
   defining Unicode char U+00D8 (decimal 216)
   defining Unicode char U+00D9 (decimal 217)
   defining Unicode char U+00DA (decimal 218)
   defining Unicode char U+00DB (decimal 219)
   defining Unicode char U+00DC (decimal 220)
   defining Unicode char U+00DD (decimal 221)
   defining Unicode char U+00DE (decimal 222)
   defining Unicode char U+00DF (decimal 223)
   defining Unicode char U+00E0 (decimal 224)
   defining Unicode char U+00E1 (decimal 225)
   defining Unicode char U+00E2 (decimal 226)
   defining Unicode char U+00E3 (decimal 227)
   defining Unicode char U+00E4 (decimal 228)
   defining Unicode char U+00E5 (decimal 229)
   defining Unicode char U+00E6 (decimal 230)
   defining Unicode char U+00E7 (decimal 231)
   defining Unicode char U+00E8 (decimal 232)
   defining Unicode char U+00E9 (decimal 233)
   defining Unicode char U+00EA (decimal 234)
   defining Unicode char U+00EB (decimal 235)
   defining Unicode char U+00EC (decimal 236)
   defining Unicode char U+00ED (decimal 237)
   defining Unicode char U+00EE (decimal 238)
   defining Unicode char U+00EF (decimal 239)
   defining Unicode char U+00F0 (decimal 240)
   defining Unicode char U+00F1 (decimal 241)
   defining Unicode char U+00F2 (decimal 242)
   defining Unicode char U+00F3 (decimal 243)
   defining Unicode char U+00F4 (decimal 244)
   defining Unicode char U+00F5 (decimal 245)
   defining Unicode char U+00F6 (decimal 246)
   defining Unicode char U+00F8 (decimal 248)
   defining Unicode char U+00F9 (decimal 249)
   defining Unicode char U+00FA (decimal 250)
   defining Unicode char U+00FB (decimal 251)
   defining Unicode char U+00FC (decimal 252)
   defining Unicode char U+00FD (decimal 253)
   defining Unicode char U+00FE (decimal 254)
   defining Unicode char U+00FF (decimal 255)
   defining Unicode char U+0102 (decimal 258)
   defining Unicode char U+0103 (decimal 259)
   defining Unicode char U+0104 (decimal 260)
   defining Unicode char U+0105 (decimal 261)
   defining Unicode char U+0106 (decimal 262)
   defining Unicode char U+0107 (decimal 263)
   defining Unicode char U+010C (decimal 268)
   defining Unicode char U+010D (decimal 269)
   defining Unicode char U+010E (decimal 270)
   defining Unicode char U+010F (decimal 271)
   defining Unicode char U+0110 (decimal 272)
   defining Unicode char U+0111 (decimal 273)
   defining Unicode char U+0118 (decimal 280)
   defining Unicode char U+0119 (decimal 281)
   defining Unicode char U+011A (decimal 282)
   defining Unicode char U+011B (decimal 283)
   defining Unicode char U+011E (decimal 286)
   defining Unicode char U+011F (decimal 287)
   defining Unicode char U+0130 (decimal 304)
   defining Unicode char U+0131 (decimal 305)
   defining Unicode char U+0132 (decimal 306)
   defining Unicode char U+0133 (decimal 307)
   defining Unicode char U+0139 (decimal 313)
   defining Unicode char U+013A (decimal 314)
   defining Unicode char U+013D (decimal 317)
   defining Unicode char U+013E (decimal 318)
   defining Unicode char U+0141 (decimal 321)
   defining Unicode char U+0142 (decimal 322)
   defining Unicode char U+0143 (decimal 323)
   defining Unicode char U+0144 (decimal 324)
   defining Unicode char U+0147 (decimal 327)
   defining Unicode char U+0148 (decimal 328)
   defining Unicode char U+014A (decimal 330)
   defining Unicode char U+014B (decimal 331)
   defining Unicode char U+0150 (decimal 336)
   defining Unicode char U+0151 (decimal 337)
   defining Unicode char U+0152 (decimal 338)
   defining Unicode char U+0153 (decimal 339)
   defining Unicode char U+0154 (decimal 340)
   defining Unicode char U+0155 (decimal 341)
   defining Unicode char U+0158 (decimal 344)
   defining Unicode char U+0159 (decimal 345)
   defining Unicode char U+015A (decimal 346)
   defining Unicode char U+015B (decimal 347)
   defining Unicode char U+015E (decimal 350)
   defining Unicode char U+015F (decimal 351)
   defining Unicode char U+0160 (decimal 352)
   defining Unicode char U+0161 (decimal 353)
   defining Unicode char U+0162 (decimal 354)
   defining Unicode char U+0163 (decimal 355)
   defining Unicode char U+0164 (decimal 356)
   defining Unicode char U+0165 (decimal 357)
   defining Unicode char U+016E (decimal 366)
   defining Unicode char U+016F (decimal 367)
   defining Unicode char U+0170 (decimal 368)
   defining Unicode char U+0171 (decimal 369)
   defining Unicode char U+0178 (decimal 376)
   defining Unicode char U+0179 (decimal 377)
   defining Unicode char U+017A (decimal 378)
   defining Unicode char U+017B (decimal 379)
   defining Unicode char U+017C (decimal 380)
   defining Unicode char U+017D (decimal 381)
   defining Unicode char U+017E (decimal 382)
   defining Unicode char U+200C (decimal 8204)
   defining Unicode char U+2013 (decimal 8211)
   defining Unicode char U+2014 (decimal 8212)
   defining Unicode char U+2018 (decimal 8216)
   defining Unicode char U+2019 (decimal 8217)
   defining Unicode char U+201A (decimal 8218)
   defining Unicode char U+201C (decimal 8220)
   defining Unicode char U+201D (decimal 8221)
   defining Unicode char U+201E (decimal 8222)
   defining Unicode char U+2030 (decimal 8240)
   defining Unicode char U+2031 (decimal 8241)
   defining Unicode char U+2039 (decimal 8249)
   defining Unicode char U+203A (decimal 8250)
   defining Unicode char U+2423 (decimal 9251)
)
Now handling font encoding OT1 ...
... processing UTF-8 mapping file for font encoding OT1

(/usr/share/texlive/texmf-dist/tex/latex/base/ot1enc.dfu
File: ot1enc.dfu 2008/04/05 v1.1m UTF-8 support for inputenc
   defining Unicode char U+00A1 (decimal 161)
   defining Unicode char U+00A3 (decimal 163)
   defining Unicode char U+00B8 (decimal 184)
   defining Unicode char U+00BF (decimal 191)
   defining Unicode char U+00C5 (decimal 197)
   defining Unicode char U+00C6 (decimal 198)
   defining Unicode char U+00D8 (decimal 216)
   defining Unicode char U+00DF (decimal 223)
   defining Unicode char U+00E6 (decimal 230)
   defining Unicode char U+00EC (decimal 236)
   defining Unicode char U+00ED (decimal 237)
   defining Unicode char U+00EE (decimal 238)
   defining Unicode char U+00EF (decimal 239)
   defining Unicode char U+00F8 (decimal 248)
   defining Unicode char U+0131 (decimal 305)
   defining Unicode char U+0141 (decimal 321)
   defining Unicode char U+0142 (decimal 322)
   defining Unicode char U+0152 (decimal 338)
   defining Unicode char U+0153 (decimal 339)
   defining Unicode char U+2013 (decimal 8211)
   defining Unicode char U+2014 (decimal 8212)
   defining Unicode char U+2018 (decimal 8216)
   defining Unicode char U+2019 (decimal 8217)
   defining Unicode char U+201C (decimal 8220)
   defining Unicode char U+201D (decimal 8221)
)
Now handling font encoding OMS ...
... processing UTF-8 mapping file for font encoding OMS

(/usr/share/texlive/texmf-dist/tex/latex/base/omsenc.dfu
File: omsenc.dfu 2008/04/05 v1.1m UTF-8 support for inputenc
   defining Unicode char U+00A7 (decimal 167)
   defining Unicode char U+00B6 (decimal 182)
   defining Unicode char U+00B7 (decimal 183)
   defining Unicode char U+2020 (decimal 8224)
   defining Unicode char U+2021 (decimal 8225)
   defining Unicode char U+2022 (decimal 8226)
)
Now handling font encoding OMX ...
... no UTF-8 mapping file for font encoding OMX
Now handling font encoding U ...
... no UTF-8 mapping file for font encoding U
   defining Unicode char U+00A9 (decimal 169)
   defining Unicode char U+00AA (decimal 170)
   defining Unicode char U+00AE (decimal 174)
   defining Unicode char U+00BA (decimal 186)
   defining Unicode char U+02C6 (decimal 710)
   defining Unicode char U+02DC (decimal 732)
   defining Unicode char U+200C (decimal 8204)
   defining Unicode char U+2026 (decimal 8230)
   defining Unicode char U+2122 (decimal 8482)
   defining Unicode char U+2423 (decimal 9251)
))
(/usr/share/texlive/texmf-dist/tex/latex/amsfonts/amssymb.sty
Package: amssymb 2013/01/14 v3.01 AMS font symbols

(/usr/share/texlive/texmf-dist/tex/latex/amsfonts/amsfonts.sty
Package: amsfonts 2013/01/14 v3.01 Basic AMSFonts support
\@emptytoks=\toks17
\symAMSa=\mathgroup4
\symAMSb=\mathgroup5
LaTeX Font Info:    Overwriting math alphabet `\mathfrak' in version `bold'
(Font)                  U/euf/m/n --> U/euf/b/n on input line 106.
))
(/usr/share/texlive/texmf-dist/tex/latex/amsmath/amsmath.sty
Package: amsmath 2013/01/14 v2.14 AMS math features
\@mathmargin=\skip43

For additional information on amsmath, use the `?' option.
(/usr/share/texlive/texmf-dist/tex/latex/amsmath/amstext.sty
Package: amstext 2000/06/29 v2.01

(/usr/share/texlive/texmf-dist/tex/latex/amsmath/amsgen.sty
File: amsgen.sty 1999/11/30 v2.0
\@emptytoks=\toks18
\ex@=\dimen105
))
(/usr/share/texlive/texmf-dist/tex/latex/amsmath/amsbsy.sty
Package: amsbsy 1999/11/29 v1.2d
\pmbraise@=\dimen106
)
(/usr/share/texlive/texmf-dist/tex/latex/amsmath/amsopn.sty
Package: amsopn 1999/12/14 v2.01 operator names
)
\inf@bad=\count89
LaTeX Info: Redefining \frac on input line 210.
\uproot@=\count90
\leftroot@=\count91
LaTeX Info: Redefining \overline on input line 306.
\classnum@=\count92
\DOTSCASE@=\count93
LaTeX Info: Redefining \ldots on input line 378.
LaTeX Info: Redefining \dots on input line 381.
LaTeX Info: Redefining \cdots on input line 466.
\Mathstrutbox@=\box26
\strutbox@=\box27
\big@size=\dimen107
LaTeX Font Info:    Redeclaring font encoding OML on input line 566.
LaTeX Font Info:    Redeclaring font encoding OMS on input line 567.
\macc@depth=\count94
\c@MaxMatrixCols=\count95
\dotsspace@=\muskip10
\c@parentequation=\count96
\dspbrk@lvl=\count97
\tag@help=\toks19
\row@=\count98
\column@=\count99
\maxfields@=\count100
\andhelp@=\toks20
\eqnshift@=\dimen108
\alignsep@=\dimen109
\tagshift@=\dimen110
\tagwidth@=\dimen111
\totwidth@=\dimen112
\lineht@=\dimen113
\@envbody=\toks21
\multlinegap=\skip44
\multlinetaggap=\skip45
\mathdisplay@stack=\toks22
LaTeX Info: Redefining \[ on input line 2665.
LaTeX Info: Redefining \] on input line 2666.
)
(/usr/share/texlive/texmf-dist/tex/latex/geometry/geometry.sty
Package: geometry 2010/09/12 v5.6 Page Geometry

(/usr/share/texlive/texmf-dist/tex/generic/oberdiek/ifpdf.sty
Package: ifpdf 2011/01/30 v2.3 Provides the ifpdf switch (HO)
Package ifpdf Info: pdfTeX in PDF mode is detected.
)
(/usr/share/texlive/texmf-dist/tex/generic/oberdiek/ifvtex.sty
Package: ifvtex 2010/03/01 v1.5 Detect VTeX and its facilities (HO)
Package ifvtex Info: VTeX not detected.
)
(/usr/share/texlive/texmf-dist/tex/generic/ifxetex/ifxetex.sty
Package: ifxetex 2010/09/12 v0.6 Provides ifxetex conditional
)
\Gm@cnth=\count101
\Gm@cntv=\count102
\c@Gm@tempcnt=\count103
\Gm@bindingoffset=\dimen114
\Gm@wd@mp=\dimen115
\Gm@odd@mp=\dimen116
\Gm@even@mp=\dimen117
\Gm@layoutwidth=\dimen118
\Gm@layoutheight=\dimen119
\Gm@layouthoffset=\dimen120
\Gm@layoutvoffset=\dimen121
\Gm@dimlist=\toks23
)
(/usr/share/texlive/texmf-dist/tex/latex/hyperref/hyperref.sty
Package: hyperref 2012/11/06 v6.83m Hypertext links for LaTeX

(/usr/share/texlive/texmf-dist/tex/generic/oberdiek/hobsub-hyperref.sty
Package: hobsub-hyperref 2012/05/28 v1.13 Bundle oberdiek, subset hyperref (HO)


(/usr/share/texlive/texmf-dist/tex/generic/oberdiek/hobsub-generic.sty
Package: hobsub-generic 2012/05/28 v1.13 Bundle oberdiek, subset generic (HO)
Package: hobsub 2012/05/28 v1.13 Construct package bundles (HO)
Package hobsub Info: Skipping package `infwarerr' (already loaded).
Package hobsub Info: Skipping package `ltxcmds' (already loaded).
Package: ifluatex 2010/03/01 v1.3 Provides the ifluatex switch (HO)
Package ifluatex Info: LuaTeX not detected.
Package hobsub Info: Skipping package `ifvtex' (already loaded).
Package: intcalc 2007/09/27 v1.1 Expandable calculations with integers (HO)
Package hobsub Info: Skipping package `ifpdf' (already loaded).
Package: etexcmds 2011/02/16 v1.5 Avoid name clashes with e-TeX commands (HO)
Package etexcmds Info: Could not find \expanded.
(etexcmds)             That can mean that you are not using pdfTeX 1.50 or
(etexcmds)             that some package has redefined \expanded.
(etexcmds)             In the latter case, load this package earlier.
Package: kvsetkeys 2012/04/25 v1.16 Key value parser (HO)
Package: kvdefinekeys 2011/04/07 v1.3 Define keys (HO)
Package: pdftexcmds 2011/11/29 v0.20 Utility functions of pdfTeX for LuaTeX (HO
)
Package pdftexcmds Info: LuaTeX not detected.
Package pdftexcmds Info: \pdf@primitive is available.
Package pdftexcmds Info: \pdf@ifprimitive is available.
Package pdftexcmds Info: \pdfdraftmode found.
Package: pdfescape 2011/11/25 v1.13 Implements pdfTeX's escape features (HO)
Package: bigintcalc 2012/04/08 v1.3 Expandable calculations on big integers (HO
)
Package: bitset 2011/01/30 v1.1 Handle bit-vector datatype (HO)
Package: uniquecounter 2011/01/30 v1.2 Provide unlimited unique counter (HO)
)
Package hobsub Info: Skipping package `hobsub' (already loaded).
Package: letltxmacro 2010/09/02 v1.4 Let assignment for LaTeX macros (HO)
Package: hopatch 2012/05/28 v1.2 Wrapper for package hooks (HO)
Package: xcolor-patch 2011/01/30 xcolor patch
Package: atveryend 2011/06/30 v1.8 Hooks at the very end of document (HO)
Package atveryend Info: \enddocument detected (standard20110627).
Package: atbegshi 2011/10/05 v1.16 At begin shipout hook (HO)
Package: refcount 2011/10/16 v3.4 Data extraction from label references (HO)
Package: hycolor 2011/01/30 v1.7 Color options for hyperref/bookmark (HO)
)
(/usr/share/texlive/texmf-dist/tex/latex/oberdiek/auxhook.sty
Package: auxhook 2011/03/04 v1.3 Hooks for auxiliary files (HO)
)
(/usr/share/texlive/texmf-dist/tex/latex/oberdiek/kvoptions.sty
Package: kvoptions 2011/06/30 v3.11 Key value format for package options (HO)
)
\@linkdim=\dimen122
\Hy@linkcounter=\count104
\Hy@pagecounter=\count105

(/usr/share/texlive/texmf-dist/tex/latex/hyperref/pd1enc.def
File: pd1enc.def 2012/11/06 v6.83m Hyperref: PDFDocEncoding definition (HO)
Now handling font encoding PD1 ...
... no UTF-8 mapping file for font encoding PD1
)
\Hy@SavedSpaceFactor=\count106

(/usr/share/texlive/texmf-dist/tex/latex/latexconfig/hyperref.cfg
File: hyperref.cfg 2002/06/06 v1.2 hyperref configuration of TeXLive
)
Package hyperref Info: Option `bookmarks' set `true' on input line 4319.
Package hyperref Info: Hyper figures OFF on input line 4443.
Package hyperref Info: Link nesting OFF on input line 4448.
Package hyperref Info: Hyper index ON on input line 4451.
Package hyperref Info: Plain pages OFF on input line 4458.
Package hyperref Info: Backreferencing OFF on input line 4463.
Package hyperref Info: Implicit mode ON; LaTeX internals redefined.
Package hyperref Info: Bookmarks ON on input line 4688.
\c@Hy@tempcnt=\count107

(/usr/share/texlive/texmf-dist/tex/latex/url/url.sty
\Urlmuskip=\muskip11
Package: url 2013/09/16  ver 3.4  Verb mode for urls, etc.
)
LaTeX Info: Redefining \url on input line 5041.
\XeTeXLinkMargin=\dimen123
\Fld@menulength=\count108
\Field@Width=\dimen124
\Fld@charsize=\dimen125
Package hyperref Info: Hyper figures OFF on input line 6295.
Package hyperref Info: Link nesting OFF on input line 6300.
Package hyperref Info: Hyper index ON on input line 6303.
Package hyperref Info: backreferencing OFF on input line 6310.
Package hyperref Info: Link coloring OFF on input line 6315.
Package hyperref Info: Link coloring with OCG OFF on input line 6320.
Package hyperref Info: PDF/A mode OFF on input line 6325.
LaTeX Info: Redefining \ref on input line 6365.
LaTeX Info: Redefining \pageref on input line 6369.
\Hy@abspage=\count109
\c@Item=\count110
\c@Hfootnote=\count111
)

Package hyperref Message: Driver (autodetected): hpdftex.

(/usr/share/texlive/texmf-dist/tex/latex/hyperref/hpdftex.def
File: hpdftex.def 2012/11/06 v6.83m Hyperref driver for pdfTeX
\Fld@listcount=\count112
\c@bookmark@seq@number=\count113

(/usr/share/texlive/texmf-dist/tex/latex/oberdiek/rerunfilecheck.sty
Package: rerunfilecheck 2011/04/15 v1.7 Rerun checks for auxiliary files (HO)
Package uniquecounter Info: New unique counter `rerunfilecheck' on input line 2
82.
)
\Hy@SectionHShift=\skip46
)
(/usr/share/texlive/texmf-dist/tex/latex/oberdiek/bookmark.sty
Package: bookmark 2011/12/02 v1.24 PDF bookmarks (HO)

(/usr/share/texlive/texmf-dist/tex/latex/oberdiek/bkm-pdftex.def
File: bkm-pdftex.def 2011/12/02 v1.24 bookmark driver for pdfTeX (HO)
\BKM@id=\count114
))
(/usr/share/texlive/texmf-dist/tex/latex/wrapfig/wrapfig.sty
\wrapoverhang=\dimen126
\WF@size=\dimen127
\c@WF@wrappedlines=\count115
\WF@box=\box28
\WF@everypar=\toks24
Package: wrapfig 2003/01/31  v 3.6
)
(/usr/share/texlive/texmf-dist/tex/latex/pdfpages/pdfpages.sty
Package: pdfpages 2013/08/25 v0.4v Insert pages of external PDF documents (AM)

(/usr/share/texlive/texmf-dist/tex/latex/base/ifthen.sty
Package: ifthen 2001/05/26 v1.1c Standard LaTeX ifthen package (DPC)
)
(/usr/share/texlive/texmf-dist/tex/latex/tools/calc.sty
Package: calc 2007/08/22 v4.3 Infix arithmetic (KKT,FJ)
\calc@Acount=\count116
\calc@Bcount=\count117
\calc@Adimen=\dimen128
\calc@Bdimen=\dimen129
\calc@Askip=\skip47
\calc@Bskip=\skip48
LaTeX Info: Redefining \setlength on input line 76.
LaTeX Info: Redefining \addtolength on input line 77.
\calc@Ccount=\count118
\calc@Cskip=\skip49
)
(/usr/share/texlive/texmf-dist/tex/latex/eso-pic/eso-pic.sty
Package: eso-pic 2013/10/06 v2.0d eso-pic (RN)

(/usr/share/texmf/tex/latex/xcolor/xcolor.sty
Package: xcolor 2007/01/21 v2.11 LaTeX color extensions (UK)

(/usr/share/texlive/texmf-dist/tex/latex/latexconfig/color.cfg
File: color.cfg 2007/01/18 v1.5 color configuration of teTeX/TeXLive
)
Package xcolor Info: Driver file: pdftex.def on input line 225.
Package xcolor Info: Model `cmy' substituted by `cmy0' on input line 1337.
Package xcolor Info: Model `hsb' substituted by `rgb' on input line 1341.
Package xcolor Info: Model `RGB' extended on input line 1353.
Package xcolor Info: Model `HTML' substituted by `rgb' on input line 1355.
Package xcolor Info: Model `Hsb' substituted by `hsb' on input line 1356.
Package xcolor Info: Model `tHsb' substituted by `hsb' on input line 1357.
Package xcolor Info: Model `HSB' substituted by `hsb' on input line 1358.
Package xcolor Info: Model `Gray' substituted by `gray' on input line 1359.
Package xcolor Info: Model `wave' substituted by `hsb' on input line 1360.
))
(/usr/share/texlive/texmf-dist/tex/latex/pdfpages/pppdftex.def
File: pppdftex.def 2013/08/25 v0.4v Pdfpages driver for pdfTeX (AM)
)
\AM@pagebox=\box29
\AM@toc@title=\toks25
\c@AM@survey=\count119
\AM@templatesizebox=\box30
)
(/usr/share/texlive/texmf-dist/tex/latex/easylist/easylist.sty
Package: easylist 2014/01/11 v.1.4 Numbered items with a single command.
\el@CounterTotal=\count120
\el@Scratch=\count121
\el@ControlCounter=\count122
\el@CounterLevel=\count123
\c@List1=\count124
\c@List2=\count125
\c@List3=\count126
\c@List4=\count127
\c@List5=\count128
\c@List6=\count129
\c@List7=\count130
\c@List8=\count131
\c@List9=\count132
\c@List10=\count133
\el@ProgressiveDimension=\dimen130
\el@CounterBox=\box31
\el@ControlBox=\box32
\el@TotalMargin=\dimen131
\el@LeftMove=\dimen132
)
Package hyperref Info: Option `colorlinks' set `true' on input line 23.
Package hyperref Info: Option `linktocpage' set `true' on input line 23.
Package hyperref Info: Option `pageanchor' set `true' on input line 23.
 (./DICD.aux)
\openout1 = `DICD.aux'.

LaTeX Font Info:    Checking defaults for OML/cmm/m/it on input line 26.
LaTeX Font Info:    ... okay on input line 26.
LaTeX Font Info:    Checking defaults for T1/cmr/m/n on input line 26.
LaTeX Font Info:    ... okay on input line 26.
LaTeX Font Info:    Checking defaults for OT1/cmr/m/n on input line 26.
LaTeX Font Info:    ... okay on input line 26.
LaTeX Font Info:    Checking defaults for OMS/cmsy/m/n on input line 26.
LaTeX Font Info:    ... okay on input line 26.
LaTeX Font Info:    Checking defaults for OMX/cmex/m/n on input line 26.
LaTeX Font Info:    ... okay on input line 26.
LaTeX Font Info:    Checking defaults for U/cmr/m/n on input line 26.
LaTeX Font Info:    ... okay on input line 26.
LaTeX Font Info:    Checking defaults for PD1/pdf/m/n on input line 26.
LaTeX Font Info:    ... okay on input line 26.

(/usr/share/texlive/texmf-dist/tex/context/base/supp-pdf.mkii
[Loading MPS to PDF converter (version 2006.09.02).]
\scratchcounter=\count134
\scratchdimen=\dimen133
\scratchbox=\box33
\nofMPsegments=\count135
\nofMParguments=\count136
\everyMPshowfont=\toks26
\MPscratchCnt=\count137
\MPscratchDim=\dimen134
\MPnumerator=\count138
\makeMPintoPDFobject=\count139
\everyMPtoPDFconversion=\toks27
) (/usr/share/texlive/texmf-dist/tex/latex/oberdiek/epstopdf-base.sty
Package: epstopdf-base 2010/02/09 v2.5 Base part for package epstopdf

(/usr/share/texlive/texmf-dist/tex/latex/oberdiek/grfext.sty
Package: grfext 2010/08/19 v1.1 Manage graphics extensions (HO)
)
Package grfext Info: Graphics extension search list:
(grfext)             [.png,.pdf,.jpg,.mps,.jpeg,.jbig2,.jb2,.PNG,.PDF,.JPG,.JPE
G,.JBIG2,.JB2,.eps]
(grfext)             \AppendGraphicsExtensions on input line 452.

(/usr/share/texlive/texmf-dist/tex/latex/latexconfig/epstopdf-sys.cfg
File: epstopdf-sys.cfg 2010/07/13 v1.3 Configuration of (r)epstopdf for TeX Liv
e
))
*geometry* driver: auto-detecting
*geometry* detected driver: pdftex
*geometry* verbose mode - [ preamble ] result:
* driver: pdftex
* paper: a4paper
* layout: <same size as paper>
* layoutoffset:(h,v)=(0.0pt,0.0pt)
* modes: 
* h-part:(L,W,R)=(89.62709pt, 418.25368pt, 89.6271pt)
* v-part:(T,H,B)=(101.40665pt, 591.5302pt, 152.11pt)
* \paperwidth=597.50787pt
* \paperheight=845.04684pt
* \textwidth=418.25368pt
* \textheight=591.5302pt
* \oddsidemargin=17.3571pt
* \evensidemargin=17.3571pt
* \topmargin=-7.86334pt
* \headheight=12.0pt
* \headsep=25.0pt
* \topskip=10.0pt
* \footskip=30.0pt
* \marginparwidth=57.0pt
* \marginparsep=11.0pt
* \columnsep=10.0pt
* \skip\footins=9.0pt plus 4.0pt minus 2.0pt
* \hoffset=0.0pt
* \voffset=0.0pt
* \mag=1000
* \@twocolumnfalse
* \@twosidefalse
* \@mparswitchfalse
* \@reversemarginfalse
* (1in=72.27pt=25.4mm, 1cm=28.453pt)

\AtBeginShipoutBox=\box34
Package hyperref Info: Link coloring ON on input line 26.
(/usr/share/texlive/texmf-dist/tex/latex/hyperref/nameref.sty
Package: nameref 2012/10/27 v2.43 Cross-referencing by name of section

(/usr/share/texlive/texmf-dist/tex/generic/oberdiek/gettitlestring.sty
Package: gettitlestring 2010/12/03 v1.4 Cleanup title references (HO)
)
\c@section@level=\count140
)
LaTeX Info: Redefining \ref on input line 26.
LaTeX Info: Redefining \pageref on input line 26.
LaTeX Info: Redefining \nameref on input line 26.

(./Chapter0.tex

LaTeX Font Warning: Font shape `OT1/cmr/bx/sc' undefined
(Font)              using `OT1/cmr/bx/n' instead on input line 5.

[1

{/var/lib/texmf/fonts/map/pdftex/updmap/pdftex.map}] [2] (./DICD.toc
LaTeX Font Info:    Try loading font information for U+msa on input line 2.

(/usr/share/texlive/texmf-dist/tex/latex/amsfonts/umsa.fd
File: umsa.fd 2013/01/14 v3.01 AMS symbols A
)
LaTeX Font Info:    Try loading font information for U+msb on input line 2.

(/usr/share/texlive/texmf-dist/tex/latex/amsfonts/umsb.fd
File: umsb.fd 2013/01/14 v3.01 AMS symbols B
) [3

])
\tf@toc=\write3
\openout3 = `DICD.toc'.

)
(./Chapter2.tex [4]
Chapter 1.
<C2_1.png, id=158, 572.1375pt x 377.41pt>
File: C2_1.png Graphic file (type png)
 <use C2_1.png>
Package pdftex.def Info: C2_1.png used on input line 6.
(pdftex.def)             Requested size: 146.39133pt x 96.56364pt.

<C2_2.png, id=159, 305.14pt x 422.57875pt>
File: C2_2.png Graphic file (type png)
 <use C2_2.png>
Package pdftex.def Info: C2_2.png used on input line 16.
(pdftex.def)             Requested size: 125.47737pt x 173.76779pt.

<C2_3.png, id=160, 459.7175pt x 266.9975pt>
File: C2_3.png Graphic file (type png)
 <use C2_3.png>
Package pdftex.def Info: C2_3.png used on input line 23.
(pdftex.def)             Requested size: 209.12683pt x 121.4596pt.
 [5

 <./C2_1.png> <./C2_2.png>] <C2_4.png, id=165, 576.1525pt x 75.28125pt>
File: C2_4.png Graphic file (type png)
 <use C2_4.png>
Package pdftex.def Info: C2_4.png used on input line 29.
(pdftex.def)             Requested size: 292.77629pt x 38.25623pt.

<C2_5.png, id=166, 254.9525pt x 42.1575pt>
File: C2_5.png Graphic file (type png)
 <use C2_5.png>
Package pdftex.def Info: C2_5.png used on input line 37.
(pdftex.def)             Requested size: 146.39133pt x 24.20755pt.

<C2_6.png, id=167, 186.6975pt x 67.25125pt>
File: C2_6.png Graphic file (type png)
 <use C2_6.png>
Package pdftex.def Info: C2_6.png used on input line 47.
(pdftex.def)             Requested size: 146.39133pt x 52.73486pt.

<C2_7.png, id=168, 451.6875pt x 158.5925pt>
File: C2_7.png Graphic file (type png)
 <use C2_7.png>
Package pdftex.def Info: C2_7.png used on input line 56.
(pdftex.def)             Requested size: 209.12683pt x 73.42772pt.
 [6 <./C2_3.png> <./C2_4.png> <./C2_5.png> <./C2_6.png> <./C2_7.png>]) (./Chapt
er3.tex [7]
Chapter 2.
<C3_1.png, id=181, 318.18875pt x 328.22626pt>
File: C3_1.png Graphic file (type png)
 <use C3_1.png>
Package pdftex.def Info: C3_1.png used on input line 4.
(pdftex.def)             Requested size: 146.39133pt x 151.00594pt.
 [8

 <./C3_1.png>]
<C3_2.png, id=189, 390.45876pt x 356.33125pt>
File: C3_2.png Graphic file (type png)
 <use C3_2.png>
Package pdftex.def Info: C3_2.png used on input line 28.
(pdftex.def)             Requested size: 146.39133pt x 133.5967pt.

<C3_3.png, id=190, 323.2075pt x 92.345pt>
File: C3_3.png Graphic file (type png)
 <use C3_3.png>
Package pdftex.def Info: C3_3.png used on input line 39.
(pdftex.def)             Requested size: 146.39133pt x 41.8254pt.

<C3_4.png, id=191, 155.58125pt x 122.4575pt>
File: C3_4.png Graphic file (type png)
 <use C3_4.png>
Package pdftex.def Info: C3_4.png used on input line 45.
(pdftex.def)             Requested size: 62.73549pt x 49.37825pt.

<C3_5.png, id=192, 149.55875pt x 65.24374pt>
File: C3_5.png Graphic file (type png)
 <use C3_5.png>
Package pdftex.def Info: C3_5.png used on input line 53.
(pdftex.def)             Requested size: 62.73549pt x 27.36833pt.

<C3_6.png, id=193, 349.305pt x 285.065pt>
File: C3_6.png Graphic file (type png)
 <use C3_6.png>
Package pdftex.def Info: C3_6.png used on input line 66.
(pdftex.def)             Requested size: 146.39133pt x 119.46985pt.
 [9 <./C3_2.png> <./C3_3.png> <./C3_4.png> <./C3_5.png>] <C3_7.png, id=200, 351
.3125pt x 115.43124pt>
File: C3_7.png Graphic file (type png)

<use C3_7.png>
Package pdftex.def Info: C3_7.png used on input line 78.
(pdftex.def)             Requested size: 146.39133pt x 48.10033pt.
 <C3_8.png, id=201, 208.78pt x 155.58125pt>
File: C3_8.png Graphic file (type png)
 <use C3_8.png>
Package pdftex.def Info: C3_8.png used on input line 88.
(pdftex.def)             Requested size: 62.73549pt x 46.74832pt.

<C3_9.png, id=202, 166.6225pt x 75.28125pt>
File: C3_9.png Graphic file (type png)
 <use C3_9.png>
Package pdftex.def Info: C3_9.png used on input line 92.
(pdftex.def)             Requested size: 46.00815pt x 20.78682pt.

<C3_10.png, id=203, 603.25375pt x 403.5075pt>
File: C3_10.png Graphic file (type png)
 <use C3_10.png>
Package pdftex.def Info: C3_10.png used on input line 99.
(pdftex.def)             Requested size: 188.21288pt x 125.8926pt.


Package hyperref Warning: Token not allowed in a PDF string (PDFDocEncoding):
(hyperref)                removing `math shift' on input line 109.


Package hyperref Warning: Token not allowed in a PDF string (PDFDocEncoding):
(hyperref)                removing `subscript' on input line 109.


Package hyperref Warning: Token not allowed in a PDF string (PDFDocEncoding):
(hyperref)                removing `math shift' on input line 109.

[10 <./C3_6.png> <./C3_7.png> <./C3_8.png> <./C3_9.png> <./C3_10.png>]

Package hyperref Warning: Token not allowed in a PDF string (PDFDocEncoding):
(hyperref)                removing `math shift' on input line 139.


Package hyperref Warning: Token not allowed in a PDF string (PDFDocEncoding):
(hyperref)                removing `subscript' on input line 139.


Package hyperref Warning: Token not allowed in a PDF string (PDFDocEncoding):
(hyperref)                removing `math shift' on input line 139.

File: C3_10.png Graphic file (type png)
<use C3_10.png>
Package pdftex.def Info: C3_10.png used on input line 159.
(pdftex.def)             Requested size: 188.21288pt x 125.8926pt.
 [11] <C3_11.png, id=226, 528.97626pt x 100.375pt>
File: C3_11.png Graphic file (type png)

<use C3_11.png>
Package pdftex.def Info: C3_11.png used on input line 165.
(pdftex.def)             Requested size: 146.39133pt x 27.77704pt.
 <C3_12.png, id=227, 534.99875pt x 101.37875pt>
File: C3_12.png Graphic file (type png)
 <use C3_12.png>
Package pdftex.def Info: C3_12.png used on input line 173.
(pdftex.def)             Requested size: 146.39133pt x 27.74078pt.

[12 <./C3_11.png> <./C3_12.png>]) (./Chapter4.tex [13]
Chapter 3.
<C4_1.png, id=246, 489.83pt x 162.6075pt>
File: C4_1.png Graphic file (type png)
 <use C4_1.png>
Package pdftex.def Info: C4_1.png used on input line 33.
(pdftex.def)             Requested size: 292.77629pt x 97.19307pt.
 [14

]
<C4_1b.png, id=256, 435.6275pt x 326.21875pt>
File: C4_1b.png Graphic file (type png)
 <use C4_1b.png>
Package pdftex.def Info: C4_1b.png used on input line 37.
(pdftex.def)             Requested size: 209.12683pt x 156.60312pt.
) (./Chapter5.tex
[15 <./C4_1.png> <./C4_1b.png>]
Chapter 4.
<C5_1.png, id=264, 595.22375pt x 288.07625pt>
File: C5_1.png Graphic file (type png)
 <use C5_1.png>
Package pdftex.def Info: C5_1.png used on input line 17.
(pdftex.def)             Requested size: 209.12683pt x 101.21062pt.

<C5_2.png, id=265, 748.7975pt x 412.54124pt>
File: C5_2.png Graphic file (type png)
 <use C5_2.png>
Package pdftex.def Info: C5_2.png used on input line 28.
(pdftex.def)             Requested size: 334.60422pt x 184.3451pt.
 [16

 <./C5_1.png>]
<C5_3.png, id=270, 829.0975pt x 117.43875pt>
File: C5_3.png Graphic file (type png)
 <use C5_3.png>
Package pdftex.def Info: C5_3.png used on input line 37.
(pdftex.def)             Requested size: 334.60422pt x 47.39398pt.

<C5_4.png, id=271, 717.68124pt x 151.56625pt> [17 <./C5_2.png> <./C5_3.png>]
File: C5_4.png Graphic file (type png)

<use C5_4.png>
Package pdftex.def Info: C5_4.png used on input line 68.
(pdftex.def)             Requested size: 209.12683pt x 44.16353pt.
 <C5_5.png, id=278, 534.99875pt x 236.885pt>
File: C5_5.png Graphic file (type png)
 <use C5_5.png>
Package pdftex.def Info: C5_5.png used on input line 82.
(pdftex.def)             Requested size: 146.39133pt x 64.82007pt.

<C5_6.png, id=279, 553.06625pt x 184.69pt>
File: C5_6.png Graphic file (type png)
 <use C5_6.png>
Package pdftex.def Info: C5_6.png used on input line 88.
(pdftex.def)             Requested size: 146.39133pt x 48.88342pt.

<C5_7.png, id=280, 325.215pt x 204.765pt>
File: C5_7.png Graphic file (type png)
 <use C5_7.png>
Package pdftex.def Info: C5_7.png used on input line 108.
(pdftex.def)             Requested size: 140.00266pt x 88.15033pt.
 [18 <./C5_4.png> <./C5_5.png> <./C5_6.png> <./C5_7.png>]
<C5_8.png, id=287, 379.4175pt x 173.64874pt>
File: C5_8.png Graphic file (type png)
 <use C5_8.png>
Package pdftex.def Info: C5_8.png used on input line 119.
(pdftex.def)             Requested size: 209.12683pt x 95.71378pt.

<C5_9.png, id=288, 427.5975pt x 153.57375pt>
File: C5_9.png Graphic file (type png)
 <use C5_9.png>
Package pdftex.def Info: C5_9.png used on input line 131.
(pdftex.def)             Requested size: 146.39133pt x 52.57526pt.
 [19 <./C5_8.png> <./C5_9.png>] <C5_10.png, id=298, 522.95375pt x 241.90375pt>
File: C5_10.png Graphic file (type png)
 <use C5_10.png>
Package pdftex.def Info: C5_10.png used on input line 177.
(pdftex.def)             Requested size: 355.51817pt x 164.45546pt.
)
(./Chapter6.tex [20 <./C5_10.png>]
Chapter 5.
<C6_1.png, id=306, 184.69pt x 297.11pt>
File: C6_1.png Graphic file (type png)
 <use C6_1.png>
Package pdftex.def Info: C6_1.png used on input line 8.
(pdftex.def)             Requested size: 62.73549pt x 100.92085pt.

<C6_2.png, id=307, 724.7075pt x 315.1775pt>
File: C6_2.png Graphic file (type png)
 <use C6_2.png>
Package pdftex.def Info: C6_2.png used on input line 19.
(pdftex.def)             Requested size: 209.12683pt x 90.94707pt.
 [21

 <./C6_1.png>]
<C6_3.png, id=313, 470.75874pt x 403.5075pt>
File: C6_3.png Graphic file (type png)
 <use C6_3.png>
Package pdftex.def Info: C6_3.png used on input line 26.
(pdftex.def)             Requested size: 146.39133pt x 125.48007pt.

<C6_4.png, id=314, 243.91125pt x 196.735pt>
File: C6_4.png Graphic file (type png)
 <use C6_4.png>
Package pdftex.def Info: C6_4.png used on input line 35.
(pdftex.def)             Requested size: 146.39133pt x 118.07791pt.
 [22 <./C6_2.png> <./C6_3.png> <./C6_4.png>] <C6_5.png, id=320, 563.10374pt x 4
42.65375pt>
File: C6_5.png Graphic file (type png)

<use C6_5.png>
Package pdftex.def Info: C6_5.png used on input line 77.
(pdftex.def)             Requested size: 313.69025pt x 246.59431pt.
 [23 <./C6_5.png>]

Package hyperref Warning: Token not allowed in a PDF string (PDFDocEncoding):
(hyperref)                removing `math shift' on input line 87.


Package hyperref Warning: Token not allowed in a PDF string (PDFDocEncoding):
(hyperref)                removing `\tau' on input line 87.


Package hyperref Warning: Token not allowed in a PDF string (PDFDocEncoding):
(hyperref)                removing `subscript' on input line 87.


Package hyperref Warning: Token not allowed in a PDF string (PDFDocEncoding):
(hyperref)                removing `math shift' on input line 87.

<C6_6.png, id=330, 598.235pt x 344.28625pt>
File: C6_6.png Graphic file (type png)
 <use C6_6.png>
Package pdftex.def Info: C6_6.png used on input line 121.
(pdftex.def)             Requested size: 146.39133pt x 84.24841pt.
 [24 <./C6_6.png>]
<C6_7.png, id=342, 828.09375pt x 205.76875pt>
File: C6_7.png Graphic file (type png)
 <use C6_7.png>
Package pdftex.def Info: C6_7.png used on input line 157.
(pdftex.def)             Requested size: 292.77629pt x 72.7517pt.
) (./Chapter7.tex
[25 <./C6_7.png>]
Chapter 6.
<C7_1.png, id=353, 176.66pt x 168.63pt>
File: C7_1.png Graphic file (type png)
 <use C7_1.png>
Package pdftex.def Info: C7_1.png used on input line 9.
(pdftex.def)             Requested size: 146.39133pt x 139.739pt.

<C7_2.png, id=354, 134.5025pt x 143.53625pt>
File: C7_2.png Graphic file (type png)
 <use C7_2.png>
Package pdftex.def Info: C7_2.png used on input line 19.
(pdftex.def)             Requested size: 83.64944pt x 89.2675pt.
 [26

 <./C7_1.png>]
<C7_3.png, id=359, 380.42125pt x 87.32625pt>
File: C7_3.png Graphic file (type png)
 <use C7_3.png>
Package pdftex.def Info: C7_3.png used on input line 60.
(pdftex.def)             Requested size: 209.12683pt x 48.00693pt.
 [27 <./C7_2.png>]
<C7_4.png, id=368, 395.4775pt x 244.915pt>
File: C7_4.png Graphic file (type png)
 <use C7_4.png>
Package pdftex.def Info: C7_4.png used on input line 73.
(pdftex.def)             Requested size: 146.39133pt x 90.65823pt.
) (./Chapter8.tex
[28 <./C7_3.png> <./C7_4.png>]
Chapter 7.
<C8_1.png, id=373, 539.01375pt x 120.45pt>
File: C8_1.png Graphic file (type png)
 <use C8_1.png>
Package pdftex.def Info: C8_1.png used on input line 8.
(pdftex.def)             Requested size: 146.39133pt x 32.71307pt.

<C8_2.png, id=374, 295.1025pt x 177.66376pt>
File: C8_2.png Graphic file (type png)
 <use C8_2.png>
Package pdftex.def Info: C8_2.png used on input line 19.
(pdftex.def)             Requested size: 146.39133pt x 88.13495pt.
 [29

 <./C8_1.png> <./C8_2.png>] <C8_3.png, id=379, 374.39874pt x 256.96pt>
File: C8_3.png Graphic file (type png)
 <use C8_3.png>
Package pdftex.def Info: C8_3.png used on input line 29.
(pdftex.def)             Requested size: 146.39133pt x 100.47276pt.

<C8_4.png, id=380, 981.6675pt x 319.1925pt>
File: C8_4.png Graphic file (type png)
 <use C8_4.png>
Package pdftex.def Info: C8_4.png used on input line 44.
(pdftex.def)             Requested size: 209.12683pt x 67.99675pt.

<C8_5.png, id=381, 393.47pt x 167.62625pt>
File: C8_5.png Graphic file (type png)
 <use C8_5.png>
Package pdftex.def Info: C8_5.png used on input line 55.
(pdftex.def)             Requested size: 209.12683pt x 89.09213pt.

<C8_6.png, id=382, 467.7475pt x 158.5925pt>
File: C8_6.png Graphic file (type png)
 <use C8_6.png>
Package pdftex.def Info: C8_6.png used on input line 63.
(pdftex.def)             Requested size: 209.12683pt x 70.90616pt.
 [30 <./C8_3.png> <./C8_4.png> <./C8_5.png>] <C8_01.png, id=387, 500.87125pt x 
236.885pt>
File: C8_01.png Graphic file (type png)

<use C8_01.png>
Package pdftex.def Info: C8_01.png used on input line 86.
(pdftex.def)             Requested size: 230.04079pt x 108.79852pt.
 [31 <./C8_6.png> <./C8_01.png>]
<C8_7.png, id=397, 280.04625pt x 110.4125pt>
File: C8_7.png Graphic file (type png)
 <use C8_7.png>
Package pdftex.def Info: C8_7.png used on input line 105.
(pdftex.def)             Requested size: 146.39133pt x 57.71976pt.
) (./Chapter9.tex
[32 <./C8_7.png>]
Chapter 8.
<C9_1.png, id=402, 312.16624pt x 408.52625pt>
File: C9_1.png Graphic file (type png)
 <use C9_1.png>
Package pdftex.def Info: C9_1.png used on input line 11.
(pdftex.def)             Requested size: 146.39133pt x 191.58348pt.
 [33

 <./C9_1.png>]
<C9_2.png, id=407, 592.2125pt x 259.97125pt>
File: C9_2.png Graphic file (type png)
 <use C9_2.png>
Package pdftex.def Info: C9_2.png used on input line 36.
(pdftex.def)             Requested size: 209.12683pt x 91.80052pt.

<C9_3.png, id=408, 282.05376pt x 142.5325pt>
File: C9_3.png Graphic file (type png)
 <use C9_3.png>
Package pdftex.def Info: C9_3.png used on input line 49.
(pdftex.def)             Requested size: 188.21288pt x 95.11131pt.
 [34 <./C9_2.png>]
<C9_4.png, id=414, 135.50626pt x 176.66pt>
File: C9_4.png Graphic file (type png)
 <use C9_4.png>
Package pdftex.def Info: C9_4.png used on input line 58.
(pdftex.def)             Requested size: 104.56342pt x 136.32512pt.

<C9_5.png, id=415, 145.54375pt x 174.6525pt>
File: C9_5.png Graphic file (type png)
 <use C9_5.png>
Package pdftex.def Info: C9_5.png used on input line 88.
(pdftex.def)             Requested size: 62.73549pt x 75.28032pt.
 [35 <./C9_3.png> <./C9_4.png>] <C9_6.png, id=424, 220.825pt x 118.4425pt>
File: C9_6.png Graphic file (type png)
 <use C9_6.png>
Package pdftex.def Info: C9_6.png used on input line 94.
(pdftex.def)             Requested size: 146.39133pt x 78.52289pt.

<C9_7.png, id=425, 375.4025pt x 168.63pt>
File: C9_7.png Graphic file (type png)
 <use C9_7.png>
Package pdftex.def Info: C9_7.png used on input line 114.
(pdftex.def)             Requested size: 146.39133pt x 65.76028pt.
 [36 <./C9_5.png> <./C9_6.png> <./C9_7.png>] <C9_8.png, id=431, 465.74pt x 210.
7875pt>
File: C9_8.png Graphic file (type png)
 <use C9_8.png>
Package pdftex.def Info: C9_8.png used on input line 124.
(pdftex.def)             Requested size: 146.39133pt x 66.25368pt.

<C9_9.png, id=432, 539.01375pt x 286.06876pt>
File: C9_9.png Graphic file (type png)
 <use C9_9.png>
Package pdftex.def Info: C9_9.png used on input line 128.
(pdftex.def)             Requested size: 146.39133pt x 77.69356pt.

<C9_10.png, id=433, 308.15125pt x 227.85126pt>
File: C9_10.png Graphic file (type png)
 <use C9_10.png>
Package pdftex.def Info: C9_10.png used on input line 136.
(pdftex.def)             Requested size: 146.39133pt x 108.24437pt.
) (./Scheme.tex
[37 <./C9_8.png> <./C9_9.png> <./C9_10.png>]
Chapter 9.
<Logic_families_scheme_v1.pdf, id=439, 614.295pt x 794.97pt>
File: Logic_families_scheme_v1.pdf Graphic file (type pdf)

<use Logic_families_scheme_v1.pdf>
Package pdftex.def Info: Logic_families_scheme_v1.pdf used on input line 2.
(pdftex.def)             Requested size: 614.29349pt x 794.96806pt.
File: Logic_families_scheme_v1.pdf Graphic file (type pdf)
 <use Logic_families_scheme_v1.pdf>
Package pdftex.def Info: Logic_families_scheme_v1.pdf used on input line 2.
(pdftex.def)             Requested size: 614.29349pt x 794.96806pt.
 [38

]
<Logic_families_scheme_v1.pdf, id=446, page=1, 614.295pt x 794.97pt>
File: Logic_families_scheme_v1.pdf Graphic file (type pdf)

<use Logic_families_scheme_v1.pdf, page 1>
Package pdftex.def Info: Logic_families_scheme_v1.pdf, page1 used on input line
 2.
(pdftex.def)             Requested size: 614.29349pt x 794.96806pt.
File: Logic_families_scheme_v1.pdf Graphic file (type pdf)

<use Logic_families_scheme_v1.pdf, page 1>
Package pdftex.def Info: Logic_families_scheme_v1.pdf, page1 used on input line
 2.
(pdftex.def)             Requested size: 597.78697pt x 773.60669pt.
File: Logic_families_scheme_v1.pdf Graphic file (type pdf)

<use Logic_families_scheme_v1.pdf, page 1>
Package pdftex.def Info: Logic_families_scheme_v1.pdf, page1 used on input line
 2.
(pdftex.def)             Requested size: 597.78697pt x 773.60669pt.
File: Logic_families_scheme_v1.pdf Graphic file (type pdf)

<use Logic_families_scheme_v1.pdf, page 1>
Package pdftex.def Info: Logic_families_scheme_v1.pdf, page1 used on input line
 2.
(pdftex.def)             Requested size: 597.78697pt x 773.60669pt.
File: Logic_families_scheme_v1.pdf Graphic file (type pdf)

<use Logic_families_scheme_v1.pdf, page 1>
Package pdftex.def Info: Logic_families_scheme_v1.pdf, page1 used on input line
 2.
(pdftex.def)             Requested size: 597.78697pt x 773.60669pt.
 [39 <./Logic_families_scheme_v1.pdf>])
Package atveryend Info: Empty hook `BeforeClearDocument' on input line 53.
Package atveryend Info: Empty hook `AfterLastShipout' on input line 53.
 (./DICD.aux)
Package atveryend Info: Executing hook `AtVeryEndDocument' on input line 53.
Package atveryend Info: Empty hook `AtEndAfterFileList' on input line 53.


LaTeX Font Warning: Some font shapes were not available, defaults substituted.

Package atveryend Info: Empty hook `AtVeryVeryEnd' on input line 53.
 ) 
Here is how much of TeX's memory you used:
 9007 strings out of 495028
 124743 string characters out of 6181497
 223379 words of memory out of 5000000
 11831 multiletter control sequences out of 15000+600000
 14971 words of font info for 57 fonts, out of 8000000 for 9000
 14 hyphenation exceptions out of 8191
 41i,18n,45p,457b,450s stack positions out of 5000i,500n,10000p,200000b,80000s
</usr/share/texlive/texmf-dist/fonts/type1/public/amsfonts/cm/cmbx10.pfb></us
r/share/texlive/texmf-dist/fonts/type1/public/amsfonts/cm/cmbx12.pfb></usr/shar
e/texlive/texmf-dist/fonts/type1/public/amsfonts/cm/cmcsc10.pfb></usr/share/tex
live/texmf-dist/fonts/type1/public/amsfonts/cm/cmex10.pfb></usr/share/texlive/t
exmf-dist/fonts/type1/public/amsfonts/cm/cmmi10.pfb></usr/share/texlive/texmf-d
ist/fonts/type1/public/amsfonts/cm/cmmi12.pfb></usr/share/texlive/texmf-dist/fo
nts/type1/public/amsfonts/cm/cmmi5.pfb></usr/share/texlive/texmf-dist/fonts/typ
e1/public/amsfonts/cm/cmmi7.pfb></usr/share/texlive/texmf-dist/fonts/type1/publ
ic/amsfonts/cm/cmmi8.pfb></usr/share/texlive/texmf-dist/fonts/type1/public/amsf
onts/cm/cmr10.pfb></usr/share/texlive/texmf-dist/fonts/type1/public/amsfonts/cm
/cmr7.pfb></usr/share/texlive/texmf-dist/fonts/type1/public/amsfonts/cm/cmsy10.
pfb></usr/share/texlive/texmf-dist/fonts/type1/public/amsfonts/cm/cmsy7.pfb></u
sr/share/texlive/texmf-dist/fonts/type1/public/amsfonts/cm/cmti10.pfb>
Output written on DICD.pdf (39 pages, 1519322 bytes).
PDF statistics:
 741 PDF objects out of 1000 (max. 8388607)
 608 compressed objects within 7 object streams
 179 named destinations out of 1000 (max. 500000)
 841 words of extra memory for PDF output out of 10000 (max. 10000000)

